2025-10-14 09:22:11.921 [info] [main] Log level: Info
2025-10-14 09:22:11.921 [info] [main] Validating found git in: "/usr/local/bin/git"
2025-10-14 09:22:11.987 [info] [main] Using git "2.51.0" from "/usr/local/bin/git"
2025-10-14 09:22:11.987 [info] [Model][doInitialScan] Initial repository scan started
2025-10-14 09:22:12.025 [info] > git rev-parse --show-toplevel [23ms]
2025-10-14 09:22:12.025 [info] fatal: not a git repository (or any of the parent directories): .git
2025-10-14 09:22:12.033 [info] > git rev-parse --show-toplevel [5ms]
2025-10-14 09:22:12.033 [info] fatal: not a git repository (or any of the parent directories): .git
2025-10-14 09:22:12.040 [info] > git rev-parse --show-toplevel [6ms]
2025-10-14 09:22:12.040 [info] fatal: not a git repository (or any of the parent directories): .git
2025-10-14 09:22:12.047 [info] > git rev-parse --show-toplevel [6ms]
2025-10-14 09:22:12.047 [info] fatal: not a git repository (or any of the parent directories): .git
2025-10-14 09:22:12.053 [info] > git rev-parse --show-toplevel [5ms]
2025-10-14 09:22:12.053 [info] fatal: not a git repository (or any of the parent directories): .git
2025-10-14 09:22:12.061 [info] > git rev-parse --show-toplevel [6ms]
2025-10-14 09:22:12.061 [info] fatal: not a git repository (or any of the parent directories): .git
2025-10-14 09:22:12.068 [info] > git rev-parse --show-toplevel [6ms]
2025-10-14 09:22:12.068 [info] fatal: not a git repository (or any of the parent directories): .git
2025-10-14 09:22:12.071 [info] [Model][doInitialScan] Initial repository scan completed - repositories (0), closed repositories (0), parent repositories (0), unsafe repositories (0)
2025-10-14 09:22:50.278 [warning] [Model][getRepositoryExact] Failed to get repository realpath for: "/Users/Shared/CLOUD/Programmier-Workshops/Kurse/Enrichment/AI/Enrichment_AI-App/.vscode.ext/.76d9d2e8-5771-4953-87db-f8b48940b462/". Error:Error: ENOENT: no such file or directory, realpath '/Users/Shared/CLOUD/Programmier-Workshops/Kurse/Enrichment/AI/Enrichment_AI-App/.vscode.ext/.76d9d2e8-5771-4953-87db-f8b48940b462/'
2025-10-14 09:22:51.833 [warning] [Model][getRepositoryExact] Failed to get repository realpath for: "/Users/Shared/CLOUD/Programmier-Workshops/Kurse/Enrichment/AI/Enrichment_AI-App/.vscode.ext/.2b7059bf-3fd0-469d-8517-6f27dad63a70/". Error:Error: ENOENT: no such file or directory, realpath '/Users/Shared/CLOUD/Programmier-Workshops/Kurse/Enrichment/AI/Enrichment_AI-App/.vscode.ext/.2b7059bf-3fd0-469d-8517-6f27dad63a70/'
2025-10-14 09:22:52.524 [info] > git rev-parse --show-toplevel [10ms]
2025-10-14 09:22:52.524 [info] fatal: not a git repository (or any of the parent directories): .git
2025-10-14 09:22:53.026 [warning] [Model][getRepositoryExact] Failed to get repository realpath for: "/Users/Shared/CLOUD/Programmier-Workshops/Kurse/Enrichment/AI/Enrichment_AI-App/.vscode.ext/.9ba26377-b68f-444e-8c8a-469852742737/bundled/libs/debugpy/_vendored/pydevd/pydevd_attach_to_process/linux_and_mac/". Error:Error: ENOENT: no such file or directory, realpath '/Users/Shared/CLOUD/Programmier-Workshops/Kurse/Enrichment/AI/Enrichment_AI-App/.vscode.ext/.9ba26377-b68f-444e-8c8a-469852742737/bundled/libs/debugpy/_vendored/pydevd/pydevd_attach_to_process/linux_and_mac/'
2025-10-14 09:22:56.520 [info] > git rev-parse --show-toplevel [6ms]
2025-10-14 09:22:56.520 [info] fatal: not a git repository (or any of the parent directories): .git
2025-10-14 09:23:00.949 [info] > git rev-parse --show-toplevel [6ms]
2025-10-14 09:23:00.949 [info] fatal: not a git repository (or any of the parent directories): .git
2025-10-14 09:23:01.083 [info] > git rev-parse --show-toplevel [7ms]
2025-10-14 09:23:01.083 [info] fatal: not a git repository (or any of the parent directories): .git
2025-10-14 09:23:04.622 [info] > git rev-parse --show-toplevel [209ms]
2025-10-14 09:23:04.623 [info] fatal: not a git repository (or any of the parent directories): .git
2025-10-14 09:23:06.108 [info] > git rev-parse --show-toplevel [90ms]
2025-10-14 09:23:06.108 [info] fatal: not a git repository (or any of the parent directories): .git
2025-10-14 09:23:07.284 [info] > git rev-parse --show-toplevel [9ms]
2025-10-14 09:23:07.284 [info] fatal: not a git repository (or any of the parent directories): .git
2025-10-14 09:23:09.134 [info] > git rev-parse --show-toplevel [13ms]
2025-10-14 09:23:09.135 [info] fatal: not a git repository (or any of the parent directories): .git
2025-10-14 09:24:26.818 [info] > git rev-parse --show-toplevel [7ms]
2025-10-14 09:24:26.819 [info] fatal: not a git repository (or any of the parent directories): .git
2025-10-14 09:41:56.479 [info] > git rev-parse --show-toplevel [27ms]
2025-10-14 09:41:56.479 [info] fatal: not a git repository (or any of the parent directories): .git
2025-10-14 09:41:56.607 [info] > git rev-parse --show-toplevel [13ms]
2025-10-14 09:41:56.607 [info] fatal: not a git repository (or any of the parent directories): .git
2025-10-14 09:42:03.306 [info] > git rev-parse --show-toplevel [15ms]
2025-10-14 09:42:03.306 [info] fatal: not a git repository (or any of the parent directories): .git
2025-10-14 09:42:18.455 [info] > git rev-parse --show-toplevel [6ms]
2025-10-14 09:42:18.455 [info] fatal: not a git repository (or any of the parent directories): .git
2025-10-14 09:42:20.641 [info] > git rev-parse --show-toplevel [6ms]
2025-10-14 09:42:20.641 [info] fatal: not a git repository (or any of the parent directories): .git
2025-10-14 09:42:24.084 [info] > git rev-parse --show-toplevel [5ms]
2025-10-14 09:42:24.084 [info] fatal: not a git repository (or any of the parent directories): .git
2025-10-14 09:42:34.055 [info] > git rev-parse --show-toplevel [14ms]
2025-10-14 09:42:34.055 [info] fatal: not a git repository (or any of the parent directories): .git
2025-10-14 09:44:20.314 [info] > git rev-parse --show-toplevel [6ms]
2025-10-14 09:44:20.314 [info] fatal: not a git repository (or any of the parent directories): .git
2025-10-14 09:44:49.401 [info] > git rev-parse --show-toplevel [14ms]
2025-10-14 09:44:49.401 [info] fatal: not a git repository (or any of the parent directories): .git
2025-10-14 09:45:47.025 [info] > git rev-parse --show-toplevel [6ms]
2025-10-14 09:45:47.025 [info] fatal: not a git repository (or any of the parent directories): .git
2025-10-14 09:48:13.767 [info] > git rev-parse --show-toplevel [10ms]
2025-10-14 09:48:13.767 [info] fatal: not a git repository (or any of the parent directories): .git
2025-10-14 09:48:23.041 [info] > git rev-parse --show-toplevel [6ms]
2025-10-14 09:48:23.041 [info] fatal: not a git repository (or any of the parent directories): .git
2025-10-14 09:49:34.181 [info] > git rev-parse --show-toplevel [75ms]
2025-10-14 09:49:34.181 [info] fatal: not a git repository (or any of the parent directories): .git
2025-10-14 09:52:56.040 [info] > git rev-parse --show-toplevel [19ms]
2025-10-14 09:52:56.041 [info] fatal: not a git repository (or any of the parent directories): .git
2025-10-14 09:55:13.530 [info] > git rev-parse --show-toplevel [11ms]
2025-10-14 09:55:13.531 [info] fatal: not a git repository (or any of the parent directories): .git
2025-10-14 09:55:17.720 [info] > git rev-parse --show-toplevel [6ms]
2025-10-14 09:55:17.720 [info] fatal: not a git repository (or any of the parent directories): .git
2025-10-14 09:55:18.978 [info] > git rev-parse --show-toplevel [18ms]
2025-10-14 09:55:18.978 [info] fatal: not a git repository (or any of the parent directories): .git
2025-10-14 09:55:22.918 [info] > git rev-parse --show-toplevel [5ms]
2025-10-14 09:55:22.918 [info] fatal: not a git repository (or any of the parent directories): .git
2025-10-14 10:09:33.631 [info] > git rev-parse --show-toplevel [90ms]
2025-10-14 10:09:33.632 [info] fatal: not a git repository (or any of the parent directories): .git
2025-10-14 10:09:37.759 [info] > git rev-parse --show-toplevel [26ms]
2025-10-14 10:09:37.759 [info] fatal: not a git repository (or any of the parent directories): .git
2025-10-14 10:09:39.814 [info] > git rev-parse --show-toplevel [35ms]
2025-10-14 10:09:39.814 [info] fatal: not a git repository (or any of the parent directories): .git
2025-10-14 10:09:52.382 [info] > git rev-parse --show-toplevel [17ms]
2025-10-14 10:09:52.382 [info] fatal: not a git repository (or any of the parent directories): .git
2025-10-14 10:15:38.764 [info] > git rev-parse --show-toplevel [9ms]
2025-10-14 10:15:38.764 [info] fatal: not a git repository (or any of the parent directories): .git
2025-10-14 10:16:37.462 [info] > git rev-parse --show-toplevel [11ms]
2025-10-14 10:16:37.462 [info] fatal: not a git repository (or any of the parent directories): .git
2025-10-14 10:19:11.565 [info] > git rev-parse --show-toplevel [72ms]
2025-10-14 10:19:11.565 [info] fatal: not a git repository (or any of the parent directories): .git
2025-10-14 10:19:18.663 [info] > git rev-parse --show-toplevel [30ms]
2025-10-14 10:19:18.663 [info] fatal: not a git repository (or any of the parent directories): .git
2025-10-14 10:19:18.708 [info] > git rev-parse --show-toplevel [6ms]
2025-10-14 10:19:18.708 [info] fatal: not a git repository (or any of the parent directories): .git
2025-10-14 10:19:20.529 [info] > git rev-parse --show-toplevel [25ms]
2025-10-14 10:19:20.529 [info] fatal: not a git repository (or any of the parent directories): .git
2025-10-14 10:19:22.717 [info] > git rev-parse --show-toplevel [6ms]
2025-10-14 10:19:22.717 [info] fatal: not a git repository (or any of the parent directories): .git
2025-10-14 10:19:25.614 [info] > git rev-parse --show-toplevel [19ms]
2025-10-14 10:19:25.614 [info] fatal: not a git repository (or any of the parent directories): .git
2025-10-14 10:22:42.377 [info] > git rev-parse --show-toplevel [11ms]
2025-10-14 10:22:42.377 [info] fatal: not a git repository (or any of the parent directories): .git
2025-10-14 10:27:31.502 [info] > git rev-parse --show-toplevel [6ms]
2025-10-14 10:27:31.502 [info] fatal: not a git repository (or any of the parent directories): .git
2025-10-14 10:28:47.788 [info] > git rev-parse --show-toplevel [7ms]
2025-10-14 10:28:47.788 [info] fatal: not a git repository (or any of the parent directories): .git
2025-10-14 10:31:03.391 [info] > git rev-parse --show-toplevel [14ms]
2025-10-14 10:31:03.391 [info] fatal: not a git repository (or any of the parent directories): .git
2025-10-14 10:32:38.159 [info] > git rev-parse --show-toplevel [6ms]
2025-10-14 10:32:38.159 [info] fatal: not a git repository (or any of the parent directories): .git
2025-10-14 10:32:48.472 [info] > git rev-parse --show-toplevel [11ms]
2025-10-14 10:32:48.472 [info] fatal: not a git repository (or any of the parent directories): .git
2025-10-14 10:34:19.734 [info] > git rev-parse --show-toplevel [7ms]
2025-10-14 10:34:19.734 [info] fatal: not a git repository (or any of the parent directories): .git
2025-10-14 10:35:43.011 [info] > git rev-parse --show-toplevel [6ms]
2025-10-14 10:35:43.012 [info] fatal: not a git repository (or any of the parent directories): .git
2025-10-14 10:35:46.633 [info] > git rev-parse --show-toplevel [70ms]
2025-10-14 10:35:46.633 [info] fatal: not a git repository (or any of the parent directories): .git
2025-10-14 10:35:48.905 [info] > git rev-parse --show-toplevel [6ms]
2025-10-14 10:35:48.905 [info] fatal: not a git repository (or any of the parent directories): .git
2025-10-14 10:36:04.576 [info] > git rev-parse --show-toplevel [7ms]
2025-10-14 10:36:04.576 [info] fatal: not a git repository (or any of the parent directories): .git
2025-10-14 10:36:08.464 [info] > git rev-parse --show-toplevel [7ms]
2025-10-14 10:36:08.464 [info] fatal: not a git repository (or any of the parent directories): .git
2025-10-14 10:39:21.646 [info] > git rev-parse --show-toplevel [14ms]
2025-10-14 10:39:21.646 [info] fatal: not a git repository (or any of the parent directories): .git
2025-10-14 10:39:25.235 [info] > git rev-parse --show-toplevel [13ms]
2025-10-14 10:39:25.235 [info] fatal: not a git repository (or any of the parent directories): .git
2025-10-14 10:39:27.666 [info] > git rev-parse --show-toplevel [8ms]
2025-10-14 10:39:27.666 [info] fatal: not a git repository (or any of the parent directories): .git
2025-10-14 10:40:34.880 [info] > git rev-parse --show-toplevel [67ms]
2025-10-14 10:40:34.881 [info] fatal: not a git repository (or any of the parent directories): .git
2025-10-14 10:40:34.908 [info] > git rev-parse --show-toplevel [16ms]
2025-10-14 10:40:34.908 [info] fatal: not a git repository (or any of the parent directories): .git
2025-10-14 10:40:37.354 [info] > git rev-parse --show-toplevel [9ms]
2025-10-14 10:40:37.354 [info] fatal: not a git repository (or any of the parent directories): .git
2025-10-14 10:40:37.927 [info] > git rev-parse --show-toplevel [28ms]
2025-10-14 10:40:37.927 [info] fatal: not a git repository (or any of the parent directories): .git
2025-10-14 10:42:27.675 [info] > git rev-parse --show-toplevel [9ms]
2025-10-14 10:42:27.698 [info] > git rev-parse --git-dir --git-common-dir --show-superproject-working-tree [18ms]
2025-10-14 10:42:27.724 [info] [Model][openRepository] Opened repository (path): /Users/Shared/CLOUD/Programmier-Workshops/Kurse/Enrichment/AI/Enrichment_AI-App
2025-10-14 10:42:27.724 [info] [Model][openRepository] Opened repository (real path): /Users/Shared/CLOUD/Programmier-Workshops/Kurse/Enrichment/AI/Enrichment_AI-App
2025-10-14 10:42:27.724 [info] [Model][openRepository] Opened repository (kind): repository
2025-10-14 10:42:27.745 [info] > git config --get commit.template [12ms]
2025-10-14 10:42:27.747 [info] > git for-each-ref --format=%(refname)%00%(upstream:short)%00%(objectname)%00%(upstream:track)%00%(upstream:remotename)%00%(upstream:remoteref) --ignore-case refs/heads/main refs/remotes/main [11ms]
2025-10-14 10:42:27.764 [info] > git for-each-ref --sort -committerdate --format %(refname)%00%(objectname)%00%(*objectname) [10ms]
2025-10-14 10:42:28.241 [info] > git check-ignore -v -z --stdin [9ms]
2025-10-14 10:42:28.529 [info] > git status -z -uall [780ms] (cancelled)
2025-10-14 10:42:30.296 [info] > git config --get commit.template [1774ms]
2025-10-14 10:42:30.308 [info] > git for-each-ref --format=%(refname)%00%(upstream:short)%00%(objectname)%00%(upstream:track)%00%(upstream:remotename)%00%(upstream:remoteref) --ignore-case refs/heads/main refs/remotes/main [1794ms]
2025-10-14 10:42:30.334 [info] > git config --get --local branch.main.vscode-merge-base [18ms]
2025-10-14 10:42:30.334 [warning] [Git][config] git config failed: Failed to execute git
2025-10-14 10:42:30.405 [info] > git for-each-ref --format=%(refname)%00%(upstream:short)%00%(objectname)%00%(upstream:track)%00%(upstream:remotename)%00%(upstream:remoteref) --ignore-case refs/heads/main refs/remotes/main [77ms]
2025-10-14 10:42:30.453 [info] > git reflog main --grep-reflog=branch: Created from *. [75ms]
2025-10-14 10:42:30.515 [info] > git symbolic-ref --short refs/remotes/origin/HEAD [13ms]
2025-10-14 10:42:30.515 [info] fatal: ref refs/remotes/origin/HEAD is not a symbolic ref
2025-10-14 10:42:30.515 [warning] [Repository][getDefaultBranch] Failed to get default branch details: Failed to execute git.
2025-10-14 10:42:30.529 [info] > git for-each-ref --sort -committerdate --format %(refname)%00%(objectname)%00%(*objectname) [15ms]
2025-10-14 10:42:30.922 [info] > git status -z -uall [411ms] (cancelled)
2025-10-14 10:42:30.929 [info] > git merge-base refs/heads/main refs/remotes/origin/main [9ms]
2025-10-14 10:42:30.939 [info] > git diff --name-status -z --diff-filter=ADMR 7bcf154c402d73931952e48d776b9d6db9adf8b8...refs/remotes/origin/main [8ms]
