2025-10-15 11:55:18.572 [info] [main] Log level: Info
2025-10-15 11:55:18.572 [info] [main] Validating found git in: "/usr/local/bin/git"
2025-10-15 11:55:18.598 [info] [main] Using git "2.51.0" from "/usr/local/bin/git"
2025-10-15 11:55:18.598 [info] [Model][doInitialScan] Initial repository scan started
2025-10-15 11:55:18.612 [info] > git rev-parse --show-toplevel [6ms]
2025-10-15 11:55:18.676 [info] > git rev-parse --git-dir --git-common-dir --show-superproject-working-tree [60ms]
2025-10-15 11:55:18.684 [info] [Model][openRepository] Opened repository (path): /Users/Ralph.Goestenmeier/temp/Enrichment_AI-App
2025-10-15 11:55:18.684 [info] [Model][openRepository] Opened repository (real path): /Users/Ralph.Goestenmeier/temp/Enrichment_AI-App
2025-10-15 11:55:18.684 [info] [Model][openRepository] Opened repository (kind): repository
2025-10-15 11:55:18.694 [info] > git config --get commit.template [7ms]
2025-10-15 11:55:18.696 [info] > git rev-parse --show-toplevel [7ms]
2025-10-15 11:55:18.704 [info] > git rev-parse --show-toplevel [7ms]
2025-10-15 11:55:18.711 [info] > git rev-parse --show-toplevel [6ms]
2025-10-15 11:55:18.713 [info] > git for-each-ref --format=%(refname)%00%(upstream:short)%00%(objectname)%00%(upstream:track)%00%(upstream:remotename)%00%(upstream:remoteref) --ignore-case refs/heads/main refs/remotes/main [21ms]
2025-10-15 11:55:18.715 [warning] [Git][revParse] Unable to read file: ENOENT: no such file or directory, open '/Users/Ralph.Goestenmeier/temp/Enrichment_AI-App/.git/refs/remotes/origin/main'
2025-10-15 11:55:18.718 [info] > git rev-parse --show-toplevel [5ms]
2025-10-15 11:55:18.720 [info] > git rev-parse refs/remotes/origin/main [5ms]
2025-10-15 11:55:18.726 [info] > git rev-parse --show-toplevel [6ms]
2025-10-15 11:55:18.733 [info] > git rev-parse --show-toplevel [6ms]
2025-10-15 11:55:18.736 [info] [Model][doInitialScan] Initial repository scan completed - repositories (1), closed repositories (0), parent repositories (0), unsafe repositories (0)
2025-10-15 11:55:18.743 [info] > git for-each-ref --sort -committerdate --format %(refname)%00%(objectname)%00%(*objectname) [18ms]
2025-10-15 11:55:18.777 [info] > git status -z -uall [56ms]
2025-10-15 11:55:18.813 [info] > git for-each-ref --format=%(refname)%00%(upstream:short)%00%(objectname)%00%(upstream:track)%00%(upstream:remotename)%00%(upstream:remoteref) --ignore-case refs/heads/main refs/remotes/main [19ms]
2025-10-15 11:55:18.818 [info] > git config --get commit.template [7ms]
2025-10-15 11:55:18.821 [info] > git config --get --local branch.main.vscode-merge-base [5ms]
2025-10-15 11:55:18.821 [warning] [Git][config] git config failed: Failed to execute git
2025-10-15 11:55:18.834 [info] > git for-each-ref --format=%(refname)%00%(upstream:short)%00%(objectname)%00%(upstream:track)%00%(upstream:remotename)%00%(upstream:remoteref) --ignore-case refs/heads/main refs/remotes/main [17ms]
2025-10-15 11:55:18.835 [warning] [Git][revParse] Unable to read file: ENOENT: no such file or directory, open '/Users/Ralph.Goestenmeier/temp/Enrichment_AI-App/.git/refs/remotes/origin/main'
2025-10-15 11:55:18.835 [info] > git reflog main --grep-reflog=branch: Created from *. [13ms]
2025-10-15 11:55:18.840 [info] > git rev-parse refs/remotes/origin/main [5ms]
2025-10-15 11:55:18.843 [info] > git symbolic-ref --short refs/remotes/origin/HEAD [7ms]
2025-10-15 11:55:18.850 [info] > git for-each-ref --format=%(refname)%00%(upstream:short)%00%(objectname)%00%(upstream:track)%00%(upstream:remotename)%00%(upstream:remoteref) --ignore-case refs/heads/origin/main refs/remotes/origin/main [5ms]
2025-10-15 11:55:18.858 [info] > git config --add --local branch.main.vscode-merge-base origin/main [6ms]
2025-10-15 11:55:18.859 [info] > git for-each-ref --sort -committerdate --format %(refname)%00%(objectname)%00%(*objectname) [16ms] (cancelled)
2025-10-15 11:55:18.862 [info] > git status -z -uall [21ms] (cancelled)
2025-10-15 11:55:18.867 [info] > git config --get commit.template [5ms]
2025-10-15 11:55:18.881 [info] > git for-each-ref --format=%(refname)%00%(upstream:short)%00%(objectname)%00%(upstream:track)%00%(upstream:remotename)%00%(upstream:remoteref) --ignore-case refs/heads/main refs/remotes/main [17ms]
2025-10-15 11:55:18.882 [warning] [Git][revParse] Unable to read file: ENOENT: no such file or directory, open '/Users/Ralph.Goestenmeier/temp/Enrichment_AI-App/.git/refs/remotes/origin/main'
2025-10-15 11:55:18.887 [info] > git rev-parse refs/remotes/origin/main [5ms]
2025-10-15 11:55:18.907 [info] > git for-each-ref --sort -committerdate --format %(refname)%00%(objectname)%00%(*objectname) [18ms]
2025-10-15 11:55:18.942 [info] > git status -z -uall [54ms]
2025-10-15 11:55:18.968 [info] > git merge-base refs/heads/main refs/remotes/origin/main [22ms]
2025-10-15 11:55:18.970 [info] > git merge-base refs/heads/main refs/remotes/origin/main [22ms]
2025-10-15 11:55:18.987 [info] > git diff --name-status -z --diff-filter=ADMR 75a1b3ce3a5e831a4813f1d075764e42644638b1...refs/remotes/origin/main [15ms]
2025-10-15 11:55:18.988 [info] > git diff --name-status -z --diff-filter=ADMR 75a1b3ce3a5e831a4813f1d075764e42644638b1...refs/remotes/origin/main [18ms]
2025-10-15 11:55:19.208 [info] > git check-ignore -v -z --stdin [5ms]
2025-10-15 11:55:20.891 [info] > git config --get commit.template [5ms]
2025-10-15 11:55:20.902 [info] > git for-each-ref --format=%(refname)%00%(upstream:short)%00%(objectname)%00%(upstream:track)%00%(upstream:remotename)%00%(upstream:remoteref) --ignore-case refs/heads/main refs/remotes/main [15ms]
2025-10-15 11:55:20.903 [warning] [Git][revParse] Unable to read file: ENOENT: no such file or directory, open '/Users/Ralph.Goestenmeier/temp/Enrichment_AI-App/.git/refs/remotes/origin/main'
2025-10-15 11:55:20.909 [info] > git rev-parse refs/remotes/origin/main [6ms]
2025-10-15 11:55:20.927 [info] > git for-each-ref --sort -committerdate --format %(refname)%00%(objectname)%00%(*objectname) [16ms]
2025-10-15 11:55:20.967 [info] > git status -z -uall [57ms]
2025-10-15 11:55:25.445 [info] > git check-ignore -v -z --stdin [5ms]
2025-10-15 11:55:25.981 [info] > git config --get commit.template [4ms]
2025-10-15 11:55:25.993 [info] > git for-each-ref --format=%(refname)%00%(upstream:short)%00%(objectname)%00%(upstream:track)%00%(upstream:remotename)%00%(upstream:remoteref) --ignore-case refs/heads/main refs/remotes/main [15ms]
2025-10-15 11:55:25.995 [warning] [Git][revParse] Unable to read file: ENOENT: no such file or directory, open '/Users/Ralph.Goestenmeier/temp/Enrichment_AI-App/.git/refs/remotes/origin/main'
2025-10-15 11:55:26.000 [info] > git rev-parse refs/remotes/origin/main [5ms]
2025-10-15 11:55:26.017 [info] > git for-each-ref --sort -committerdate --format %(refname)%00%(objectname)%00%(*objectname) [15ms]
2025-10-15 11:55:26.054 [info] > git status -z -uall [52ms]
2025-10-15 11:55:31.066 [info] > git config --get commit.template [5ms]
2025-10-15 11:55:31.077 [info] > git for-each-ref --format=%(refname)%00%(upstream:short)%00%(objectname)%00%(upstream:track)%00%(upstream:remotename)%00%(upstream:remoteref) --ignore-case refs/heads/main refs/remotes/main [15ms]
2025-10-15 11:55:31.078 [warning] [Git][revParse] Unable to read file: ENOENT: no such file or directory, open '/Users/Ralph.Goestenmeier/temp/Enrichment_AI-App/.git/refs/remotes/origin/main'
2025-10-15 11:55:31.083 [info] > git rev-parse refs/remotes/origin/main [5ms]
2025-10-15 11:55:31.100 [info] > git for-each-ref --sort -committerdate --format %(refname)%00%(objectname)%00%(*objectname) [15ms]
2025-10-15 11:55:31.133 [info] > git status -z -uall [49ms]
2025-10-15 11:55:40.875 [info] > git config --get commit.template [18ms]
2025-10-15 11:55:40.893 [info] > git for-each-ref --format=%(refname)%00%(upstream:short)%00%(objectname)%00%(upstream:track)%00%(upstream:remotename)%00%(upstream:remoteref) --ignore-case refs/heads/main refs/remotes/main [26ms]
2025-10-15 11:55:40.895 [warning] [Git][revParse] Unable to read file: ENOENT: no such file or directory, open '/Users/Ralph.Goestenmeier/temp/Enrichment_AI-App/.git/refs/remotes/origin/main'
2025-10-15 11:55:40.902 [info] > git rev-parse refs/remotes/origin/main [7ms]
2025-10-15 11:55:40.929 [info] > git for-each-ref --sort -committerdate --format %(refname)%00%(objectname)%00%(*objectname) [23ms]
2025-10-15 11:55:40.971 [info] > git status -z -uall [67ms]
2025-10-15 11:55:52.900 [info] > git config --get commit.template [4ms]
2025-10-15 11:55:52.912 [info] > git for-each-ref --format=%(refname)%00%(upstream:short)%00%(objectname)%00%(upstream:track)%00%(upstream:remotename)%00%(upstream:remoteref) --ignore-case refs/heads/main refs/remotes/main [15ms]
2025-10-15 11:55:52.913 [warning] [Git][revParse] Unable to read file: ENOENT: no such file or directory, open '/Users/Ralph.Goestenmeier/temp/Enrichment_AI-App/.git/refs/remotes/origin/main'
2025-10-15 11:55:52.918 [info] > git rev-parse refs/remotes/origin/main [5ms]
2025-10-15 11:55:52.936 [info] > git for-each-ref --sort -committerdate --format %(refname)%00%(objectname)%00%(*objectname) [16ms]
2025-10-15 11:55:52.969 [info] > git status -z -uall [50ms]
2025-10-15 11:56:50.718 [info] > git config --get commit.template [15ms]
2025-10-15 11:56:50.738 [info] > git for-each-ref --format=%(refname)%00%(upstream:short)%00%(objectname)%00%(upstream:track)%00%(upstream:remotename)%00%(upstream:remoteref) --ignore-case refs/heads/main refs/remotes/main [30ms]
2025-10-15 11:56:50.740 [warning] [Git][revParse] Unable to read file: ENOENT: no such file or directory, open '/Users/Ralph.Goestenmeier/temp/Enrichment_AI-App/.git/refs/remotes/origin/main'
2025-10-15 11:56:50.748 [info] > git rev-parse refs/remotes/origin/main [8ms]
2025-10-15 11:56:50.781 [info] > git for-each-ref --sort -committerdate --format %(refname)%00%(objectname)%00%(*objectname) [28ms]
2025-10-15 11:56:50.817 [info] > git status -z -uall [67ms]
2025-10-15 11:56:55.344 [info] > git check-ignore -v -z --stdin [5ms]
2025-10-15 11:56:55.829 [info] > git config --get commit.template [4ms]
2025-10-15 11:56:55.840 [info] > git for-each-ref --format=%(refname)%00%(upstream:short)%00%(objectname)%00%(upstream:track)%00%(upstream:remotename)%00%(upstream:remoteref) --ignore-case refs/heads/main refs/remotes/main [15ms]
2025-10-15 11:56:55.841 [warning] [Git][revParse] Unable to read file: ENOENT: no such file or directory, open '/Users/Ralph.Goestenmeier/temp/Enrichment_AI-App/.git/refs/remotes/origin/main'
2025-10-15 11:56:55.846 [info] > git rev-parse refs/remotes/origin/main [5ms]
2025-10-15 11:56:55.864 [info] > git for-each-ref --sort -committerdate --format %(refname)%00%(objectname)%00%(*objectname) [16ms]
2025-10-15 11:56:55.896 [info] > git status -z -uall [49ms]
2025-10-15 11:56:57.645 [info] > git check-ignore -v -z --stdin [5ms]
2025-10-15 11:56:58.444 [info] > git ls-files --stage -- views/streamlit_hello/2_Dataframe_Demo.py [5ms]
2025-10-15 11:56:58.453 [info] > git cat-file -s d9d4a9b6a20ffed700d5b5075f110214780e9a14 [8ms]
2025-10-15 11:56:58.454 [info] > git show --textconv :views/streamlit_hello/2_Dataframe_Demo.py [17ms]
2025-10-15 11:57:00.910 [info] > git config --get commit.template [5ms]
2025-10-15 11:57:00.920 [info] > git for-each-ref --format=%(refname)%00%(upstream:short)%00%(objectname)%00%(upstream:track)%00%(upstream:remotename)%00%(upstream:remoteref) --ignore-case refs/heads/main refs/remotes/main [14ms]
2025-10-15 11:57:00.922 [warning] [Git][revParse] Unable to read file: ENOENT: no such file or directory, open '/Users/Ralph.Goestenmeier/temp/Enrichment_AI-App/.git/refs/remotes/origin/main'
2025-10-15 11:57:00.927 [info] > git rev-parse refs/remotes/origin/main [4ms]
2025-10-15 11:57:00.943 [info] > git for-each-ref --sort -committerdate --format %(refname)%00%(objectname)%00%(*objectname) [14ms]
2025-10-15 11:57:00.976 [info] > git status -z -uall [48ms]
2025-10-15 11:57:05.988 [info] > git config --get commit.template [5ms]
2025-10-15 11:57:05.999 [info] > git for-each-ref --format=%(refname)%00%(upstream:short)%00%(objectname)%00%(upstream:track)%00%(upstream:remotename)%00%(upstream:remoteref) --ignore-case refs/heads/main refs/remotes/main [14ms]
2025-10-15 11:57:06.000 [warning] [Git][revParse] Unable to read file: ENOENT: no such file or directory, open '/Users/Ralph.Goestenmeier/temp/Enrichment_AI-App/.git/refs/remotes/origin/main'
2025-10-15 11:57:06.005 [info] > git rev-parse refs/remotes/origin/main [5ms]
2025-10-15 11:57:06.025 [info] > git for-each-ref --sort -committerdate --format %(refname)%00%(objectname)%00%(*objectname) [18ms]
2025-10-15 11:57:06.060 [info] > git status -z -uall [54ms]
2025-10-15 11:57:16.725 [info] > git config --get commit.template [15ms]
2025-10-15 11:57:16.745 [info] > git for-each-ref --format=%(refname)%00%(upstream:short)%00%(objectname)%00%(upstream:track)%00%(upstream:remotename)%00%(upstream:remoteref) --ignore-case refs/heads/main refs/remotes/main [28ms]
2025-10-15 11:57:16.746 [warning] [Git][revParse] Unable to read file: ENOENT: no such file or directory, open '/Users/Ralph.Goestenmeier/temp/Enrichment_AI-App/.git/refs/remotes/origin/main'
2025-10-15 11:57:16.746 [info] > git blame --root --incremental 75a1b3ce3a5e831a4813f1d075764e42644638b1 -- views/streamlit_hello/2_Dataframe_Demo.py [25ms]
2025-10-15 11:57:16.752 [info] > git rev-parse refs/remotes/origin/main [6ms]
2025-10-15 11:57:16.778 [info] > git for-each-ref --sort -committerdate --format %(refname)%00%(objectname)%00%(*objectname) [21ms]
2025-10-15 11:57:16.811 [info] > git status -z -uall [56ms]
2025-10-15 11:57:21.822 [info] > git config --get commit.template [5ms]
2025-10-15 11:57:21.833 [info] > git for-each-ref --format=%(refname)%00%(upstream:short)%00%(objectname)%00%(upstream:track)%00%(upstream:remotename)%00%(upstream:remoteref) --ignore-case refs/heads/main refs/remotes/main [14ms]
2025-10-15 11:57:21.834 [warning] [Git][revParse] Unable to read file: ENOENT: no such file or directory, open '/Users/Ralph.Goestenmeier/temp/Enrichment_AI-App/.git/refs/remotes/origin/main'
2025-10-15 11:57:21.839 [info] > git rev-parse refs/remotes/origin/main [5ms]
2025-10-15 11:57:21.855 [info] > git for-each-ref --sort -committerdate --format %(refname)%00%(objectname)%00%(*objectname) [14ms]
2025-10-15 11:57:21.888 [info] > git status -z -uall [48ms]
2025-10-15 11:58:24.390 [info] > git config --get commit.template [18ms]
2025-10-15 11:58:24.410 [info] > git for-each-ref --format=%(refname)%00%(upstream:short)%00%(objectname)%00%(upstream:track)%00%(upstream:remotename)%00%(upstream:remoteref) --ignore-case refs/heads/main refs/remotes/main [31ms]
2025-10-15 11:58:24.413 [warning] [Git][revParse] Unable to read file: ENOENT: no such file or directory, open '/Users/Ralph.Goestenmeier/temp/Enrichment_AI-App/.git/refs/remotes/origin/main'
2025-10-15 11:58:24.418 [info] > git rev-parse refs/remotes/origin/main [5ms]
2025-10-15 11:58:24.439 [info] > git for-each-ref --sort -committerdate --format %(refname)%00%(objectname)%00%(*objectname) [18ms]
2025-10-15 11:58:24.476 [info] > git status -z -uall [57ms]
2025-10-15 11:59:04.535 [info] > git config --get commit.template [11ms]
2025-10-15 11:59:04.554 [info] > git for-each-ref --format=%(refname)%00%(upstream:short)%00%(objectname)%00%(upstream:track)%00%(upstream:remotename)%00%(upstream:remoteref) --ignore-case refs/heads/main refs/remotes/main [24ms]
2025-10-15 11:59:04.556 [warning] [Git][revParse] Unable to read file: ENOENT: no such file or directory, open '/Users/Ralph.Goestenmeier/temp/Enrichment_AI-App/.git/refs/remotes/origin/main'
2025-10-15 11:59:04.563 [info] > git rev-parse refs/remotes/origin/main [7ms]
2025-10-15 11:59:04.586 [info] > git for-each-ref --sort -committerdate --format %(refname)%00%(objectname)%00%(*objectname) [21ms]
2025-10-15 11:59:04.623 [info] > git status -z -uall [59ms]
2025-10-15 11:59:09.638 [info] > git config --get commit.template [5ms]
2025-10-15 11:59:09.649 [info] > git for-each-ref --format=%(refname)%00%(upstream:short)%00%(objectname)%00%(upstream:track)%00%(upstream:remotename)%00%(upstream:remoteref) --ignore-case refs/heads/main refs/remotes/main [15ms]
2025-10-15 11:59:09.650 [warning] [Git][revParse] Unable to read file: ENOENT: no such file or directory, open '/Users/Ralph.Goestenmeier/temp/Enrichment_AI-App/.git/refs/remotes/origin/main'
2025-10-15 11:59:09.655 [info] > git rev-parse refs/remotes/origin/main [5ms]
2025-10-15 11:59:09.672 [info] > git for-each-ref --sort -committerdate --format %(refname)%00%(objectname)%00%(*objectname) [15ms]
2025-10-15 11:59:09.708 [info] > git status -z -uall [52ms]
2025-10-15 11:59:24.497 [info] > git config --get commit.template [8ms]
2025-10-15 11:59:24.528 [info] > git for-each-ref --format=%(refname)%00%(upstream:short)%00%(objectname)%00%(upstream:track)%00%(upstream:remotename)%00%(upstream:remoteref) --ignore-case refs/heads/main refs/remotes/main [38ms]
2025-10-15 11:59:24.530 [warning] [Git][revParse] Unable to read file: ENOENT: no such file or directory, open '/Users/Ralph.Goestenmeier/temp/Enrichment_AI-App/.git/refs/remotes/origin/main'
2025-10-15 11:59:24.536 [info] > git rev-parse refs/remotes/origin/main [6ms]
2025-10-15 11:59:24.558 [info] > git for-each-ref --sort -committerdate --format %(refname)%00%(objectname)%00%(*objectname) [20ms]
2025-10-15 11:59:24.595 [info] > git status -z -uall [58ms]
2025-10-15 11:59:38.751 [info] > git ls-files --stage -- views/streamlit_hello/2_Dataframe_Demo.py [13ms]
2025-10-15 11:59:38.771 [info] > git cat-file -s d9d4a9b6a20ffed700d5b5075f110214780e9a14 [13ms]
2025-10-15 11:59:38.775 [info] > git show --textconv :views/streamlit_hello/2_Dataframe_Demo.py [44ms]
2025-10-15 11:59:46.541 [info] > git config --get commit.template [8ms]
2025-10-15 11:59:46.560 [info] > git for-each-ref --format=%(refname)%00%(upstream:short)%00%(objectname)%00%(upstream:track)%00%(upstream:remotename)%00%(upstream:remoteref) --ignore-case refs/heads/main refs/remotes/main [25ms]
2025-10-15 11:59:46.572 [warning] [Git][revParse] Unable to read file: ENOENT: no such file or directory, open '/Users/Ralph.Goestenmeier/temp/Enrichment_AI-App/.git/refs/remotes/origin/main'
2025-10-15 11:59:46.601 [info] > git rev-parse refs/remotes/origin/main [29ms]
2025-10-15 11:59:46.646 [info] > git for-each-ref --sort -committerdate --format %(refname)%00%(objectname)%00%(*objectname) [39ms]
2025-10-15 11:59:47.149 [info] > git status -z -uall [544ms] (cancelled)
2025-10-15 12:00:24.102 [info] > git check-ignore -v -z --stdin [5ms]
2025-10-15 12:00:26.703 [info] > git ls-files --stage -- views/chat_and_content/11_Chat_Sand_Box.py [5ms]
2025-10-15 12:00:26.714 [info] > git cat-file -s afa4abcd2adf220b1871b611799f86fac45e9b2c [10ms]
2025-10-15 12:00:26.715 [info] > git show --textconv :views/chat_and_content/11_Chat_Sand_Box.py [20ms]
2025-10-15 12:00:32.404 [info] > git blame --root --incremental 75a1b3ce3a5e831a4813f1d075764e42644638b1 -- views/chat_and_content/11_Chat_Sand_Box.py [66ms]
2025-10-15 12:01:11.067 [info] > git ls-files --stage -- lib/helper_streamlit/__init__.py [6ms]
2025-10-15 12:01:11.079 [info] > git cat-file -s 78ed497851e9b9f8024f1eb0b71fc01a308db1f4 [11ms]
2025-10-15 12:01:11.080 [info] > git show --textconv :lib/helper_streamlit/__init__.py [21ms]
2025-10-15 12:01:11.161 [info] > git blame --root --incremental 75a1b3ce3a5e831a4813f1d075764e42644638b1 -- lib/helper_streamlit/__init__.py [67ms]
2025-10-15 12:01:11.337 [info] > git check-ignore -v -z --stdin [5ms]
2025-10-15 12:03:39.596 [info] > git ls-files --stage -- views/chat_and_content/11_Chat_Sand_Box.py [8ms]
2025-10-15 12:03:39.608 [info] > git cat-file -s afa4abcd2adf220b1871b611799f86fac45e9b2c [10ms]
2025-10-15 12:03:39.609 [info] > git show --textconv :views/chat_and_content/11_Chat_Sand_Box.py [24ms]
2025-10-15 12:03:59.487 [info] > git ls-files --stage -- lib/helper_streamlit/__init__.py [5ms]
2025-10-15 12:03:59.499 [info] > git cat-file -s 78ed497851e9b9f8024f1eb0b71fc01a308db1f4 [8ms]
2025-10-15 12:03:59.499 [info] > git show --textconv :lib/helper_streamlit/__init__.py [19ms]
2025-10-15 13:29:43.516 [info] > git ls-files --stage -- views/chat_and_content/11_Chat_Sand_Box.py [7ms]
2025-10-15 13:29:43.519 [info] > git show --textconv :views/chat_and_content/11_Chat_Sand_Box.py [12ms]
2025-10-15 13:29:43.525 [info] > git cat-file -s afa4abcd2adf220b1871b611799f86fac45e9b2c [7ms]
