2025-10-15 11:55:09.222 [info] Extension host with pid 24464 started
2025-10-15 11:55:09.222 [info] Skipping acquiring lock for /Users/Ralph.Goestenmeier/temp/Enrichment_AI-App/.vscode.usr/User/workspaceStorage/285971eade41f4e3d8e37f75c723b530.
2025-10-15 11:55:09.273 [info] ExtensionService#_doActivateExtension vscode.github-authentication, startup: false, activationEvent: 'onAuthenticationRequest:github'
2025-10-15 11:55:09.303 [info] ExtensionService#_doActivateExtension vscode.emmet, startup: false, activationEvent: 'onLanguage'
2025-10-15 11:55:09.365 [info] ExtensionService#_doActivateExtension vscode.git-base, startup: true, activationEvent: '*'
2025-10-15 11:55:09.385 [info] ExtensionService#_doActivateExtension vscode.github, startup: true, activationEvent: '*'
2025-10-15 11:55:09.467 [info] Eager extensions activated
2025-10-15 11:55:09.556 [info] ExtensionService#_doActivateExtension vscode.debug-auto-launch, startup: false, activationEvent: 'onStartupFinished'
2025-10-15 11:55:09.558 [info] ExtensionService#_doActivateExtension vscode.merge-conflict, startup: false, activationEvent: 'onStartupFinished'
2025-10-15 11:55:18.505 [info] ExtensionService#_doActivateExtension vscode.git, startup: false, activationEvent: 'api', root cause: vscode.github
2025-10-15 11:57:01.565 [info] ExtensionService#_doActivateExtension vscode.configuration-editing, startup: false, activationEvent: 'onLanguage:jsonc'
2025-10-15 11:57:01.573 [info] ExtensionService#_doActivateExtension vscode.json-language-features, startup: false, activationEvent: 'onLanguage:jsonc'
2025-10-15 11:57:01.627 [info] ExtensionService#_doActivateExtension vscode.typescript-language-features, startup: false, activationEvent: 'onLanguage:jsonc'
2025-10-15 11:59:35.445 [info] ExtensionService#_doActivateExtension ms-python.vscode-python-envs, startup: false, activationEvent: 'onLanguage:python'
2025-10-15 11:59:35.490 [info] ExtensionService#_doActivateExtension ms-python.python, startup: false, activationEvent: 'onLanguage:python', root cause: ms-python.debugpy
2025-10-15 11:59:35.738 [info] ExtensionService#_doActivateExtension ms-python.vscode-pylance, startup: false, activationEvent: 'onLanguage:python'
2025-10-15 11:59:36.362 [info] ExtensionService#_doActivateExtension ms-python.debugpy, startup: false, activationEvent: 'onLanguage:python'
2025-10-15 11:59:36.884 [info] ExtensionService#_doActivateExtension vscode.terminal-suggest, startup: false, activationEvent: 'onTerminalShellIntegration:*'
2025-10-15 11:59:40.461 [warning] DiagnosticCollection with name 'pylance' does already exist.
2025-10-15 11:59:40.611 [warning] DiagnosticCollection with name 'pylance' does already exist.
2025-10-15 11:59:40.647 [warning] DiagnosticCollection with name 'pylance' does already exist.
2025-10-15 11:59:41.089 [info] ExtensionService#_doActivateExtension vscode.debug-server-ready, startup: false, activationEvent: 'onDebugResolve'
2025-10-15 11:59:43.172 [warning] DiagnosticCollection with name 'pylance' does already exist.
2025-10-15 11:59:47.135 [warning] [Decorations] CAPPING events from decorations provider vscode.git 10111
2025-10-15 12:04:45.368 [error] TypeError: terminated
	at Fetch.onAborted (/Users/Shared/VSCode/Base/VSCode.app/Contents/Resources/app/node_modules/undici/lib/web/fetch/index.js:2042:49)
	at Fetch.emit (node:events:519:28)
	at Fetch.terminate (/Users/Shared/VSCode/Base/VSCode.app/Contents/Resources/app/node_modules/undici/lib/web/fetch/index.js:92:10)
	at Object.onError (/Users/Shared/VSCode/Base/VSCode.app/Contents/Resources/app/node_modules/undici/lib/web/fetch/index.js:2223:34)
	at Request.onError (node:internal/deps/undici/undici:2094:31)
	at Object.errorRequest (node:internal/deps/undici/undici:1591:17)
	at Socket.<anonymous> (node:internal/deps/undici/undici:6319:16)
	at Socket.emit (node:events:531:35)
	at TCP.<anonymous> (node:net:346:12)
2025-10-15 12:09:48.333 [error] TypeError: terminated
	at Fetch.onAborted (/Users/Shared/VSCode/Base/VSCode.app/Contents/Resources/app/node_modules/undici/lib/web/fetch/index.js:2042:49)
	at Fetch.emit (node:events:519:28)
	at Fetch.terminate (/Users/Shared/VSCode/Base/VSCode.app/Contents/Resources/app/node_modules/undici/lib/web/fetch/index.js:92:10)
	at Object.onError (/Users/Shared/VSCode/Base/VSCode.app/Contents/Resources/app/node_modules/undici/lib/web/fetch/index.js:2223:34)
	at Request.onError (node:internal/deps/undici/undici:2094:31)
	at Object.errorRequest (node:internal/deps/undici/undici:1591:17)
	at Socket.<anonymous> (node:internal/deps/undici/undici:6319:16)
	at Socket.emit (node:events:531:35)
	at TCP.<anonymous> (node:net:346:12)
2025-10-15 12:14:52.324 [error] TypeError: terminated
	at Fetch.onAborted (/Users/Shared/VSCode/Base/VSCode.app/Contents/Resources/app/node_modules/undici/lib/web/fetch/index.js:2042:49)
	at Fetch.emit (node:events:519:28)
	at Fetch.terminate (/Users/Shared/VSCode/Base/VSCode.app/Contents/Resources/app/node_modules/undici/lib/web/fetch/index.js:92:10)
	at Object.onError (/Users/Shared/VSCode/Base/VSCode.app/Contents/Resources/app/node_modules/undici/lib/web/fetch/index.js:2223:34)
	at Request.onError (node:internal/deps/undici/undici:2094:31)
	at Object.errorRequest (node:internal/deps/undici/undici:1591:17)
	at Socket.<anonymous> (node:internal/deps/undici/undici:6319:16)
	at Socket.emit (node:events:531:35)
	at TCP.<anonymous> (node:net:346:12)
2025-10-15 12:19:56.568 [error] TypeError: terminated
	at Fetch.onAborted (/Users/Shared/VSCode/Base/VSCode.app/Contents/Resources/app/node_modules/undici/lib/web/fetch/index.js:2042:49)
	at Fetch.emit (node:events:519:28)
	at Fetch.terminate (/Users/Shared/VSCode/Base/VSCode.app/Contents/Resources/app/node_modules/undici/lib/web/fetch/index.js:92:10)
	at Object.onError (/Users/Shared/VSCode/Base/VSCode.app/Contents/Resources/app/node_modules/undici/lib/web/fetch/index.js:2223:34)
	at Request.onError (node:internal/deps/undici/undici:2094:31)
	at Object.errorRequest (node:internal/deps/undici/undici:1591:17)
	at Socket.<anonymous> (node:internal/deps/undici/undici:6319:16)
	at Socket.emit (node:events:531:35)
	at TCP.<anonymous> (node:net:346:12)
2025-10-15 12:25:00.634 [error] TypeError: terminated
	at Fetch.onAborted (/Users/Shared/VSCode/Base/VSCode.app/Contents/Resources/app/node_modules/undici/lib/web/fetch/index.js:2042:49)
	at Fetch.emit (node:events:519:28)
	at Fetch.terminate (/Users/Shared/VSCode/Base/VSCode.app/Contents/Resources/app/node_modules/undici/lib/web/fetch/index.js:92:10)
	at Object.onError (/Users/Shared/VSCode/Base/VSCode.app/Contents/Resources/app/node_modules/undici/lib/web/fetch/index.js:2223:34)
	at Request.onError (node:internal/deps/undici/undici:2094:31)
	at Object.errorRequest (node:internal/deps/undici/undici:1591:17)
	at Socket.<anonymous> (node:internal/deps/undici/undici:6319:16)
	at Socket.emit (node:events:531:35)
	at TCP.<anonymous> (node:net:346:12)
2025-10-15 12:30:04.748 [error] TypeError: terminated
	at Fetch.onAborted (/Users/Shared/VSCode/Base/VSCode.app/Contents/Resources/app/node_modules/undici/lib/web/fetch/index.js:2042:49)
	at Fetch.emit (node:events:519:28)
	at Fetch.terminate (/Users/Shared/VSCode/Base/VSCode.app/Contents/Resources/app/node_modules/undici/lib/web/fetch/index.js:92:10)
	at Object.onError (/Users/Shared/VSCode/Base/VSCode.app/Contents/Resources/app/node_modules/undici/lib/web/fetch/index.js:2223:34)
	at Request.onError (node:internal/deps/undici/undici:2094:31)
	at Object.errorRequest (node:internal/deps/undici/undici:1591:17)
	at Socket.<anonymous> (node:internal/deps/undici/undici:6319:16)
	at Socket.emit (node:events:531:35)
	at TCP.<anonymous> (node:net:346:12)
2025-10-15 12:35:09.380 [error] TypeError: terminated
	at Fetch.onAborted (/Users/Shared/VSCode/Base/VSCode.app/Contents/Resources/app/node_modules/undici/lib/web/fetch/index.js:2042:49)
	at Fetch.emit (node:events:519:28)
	at Fetch.terminate (/Users/Shared/VSCode/Base/VSCode.app/Contents/Resources/app/node_modules/undici/lib/web/fetch/index.js:92:10)
	at Object.onError (/Users/Shared/VSCode/Base/VSCode.app/Contents/Resources/app/node_modules/undici/lib/web/fetch/index.js:2223:34)
	at Request.onError (node:internal/deps/undici/undici:2094:31)
	at Object.errorRequest (node:internal/deps/undici/undici:1591:17)
	at Socket.<anonymous> (node:internal/deps/undici/undici:6319:16)
	at Socket.emit (node:events:531:35)
	at TCP.<anonymous> (node:net:346:12)
2025-10-15 12:40:14.101 [error] TypeError: terminated
	at Fetch.onAborted (/Users/Shared/VSCode/Base/VSCode.app/Contents/Resources/app/node_modules/undici/lib/web/fetch/index.js:2042:49)
	at Fetch.emit (node:events:519:28)
	at Fetch.terminate (/Users/Shared/VSCode/Base/VSCode.app/Contents/Resources/app/node_modules/undici/lib/web/fetch/index.js:92:10)
	at Object.onError (/Users/Shared/VSCode/Base/VSCode.app/Contents/Resources/app/node_modules/undici/lib/web/fetch/index.js:2223:34)
	at Request.onError (node:internal/deps/undici/undici:2094:31)
	at Object.errorRequest (node:internal/deps/undici/undici:1591:17)
	at Socket.<anonymous> (node:internal/deps/undici/undici:6319:16)
	at Socket.emit (node:events:531:35)
	at TCP.<anonymous> (node:net:346:12)
2025-10-15 12:45:18.811 [error] TypeError: terminated
	at Fetch.onAborted (/Users/Shared/VSCode/Base/VSCode.app/Contents/Resources/app/node_modules/undici/lib/web/fetch/index.js:2042:49)
	at Fetch.emit (node:events:519:28)
	at Fetch.terminate (/Users/Shared/VSCode/Base/VSCode.app/Contents/Resources/app/node_modules/undici/lib/web/fetch/index.js:92:10)
	at Object.onError (/Users/Shared/VSCode/Base/VSCode.app/Contents/Resources/app/node_modules/undici/lib/web/fetch/index.js:2223:34)
	at Request.onError (node:internal/deps/undici/undici:2094:31)
	at Object.errorRequest (node:internal/deps/undici/undici:1591:17)
	at Socket.<anonymous> (node:internal/deps/undici/undici:6319:16)
	at Socket.emit (node:events:531:35)
	at TCP.<anonymous> (node:net:346:12)
2025-10-15 12:50:23.516 [error] TypeError: terminated
	at Fetch.onAborted (/Users/Shared/VSCode/Base/VSCode.app/Contents/Resources/app/node_modules/undici/lib/web/fetch/index.js:2042:49)
	at Fetch.emit (node:events:519:28)
	at Fetch.terminate (/Users/Shared/VSCode/Base/VSCode.app/Contents/Resources/app/node_modules/undici/lib/web/fetch/index.js:92:10)
	at Object.onError (/Users/Shared/VSCode/Base/VSCode.app/Contents/Resources/app/node_modules/undici/lib/web/fetch/index.js:2223:34)
	at Request.onError (node:internal/deps/undici/undici:2094:31)
	at Object.errorRequest (node:internal/deps/undici/undici:1591:17)
	at Socket.<anonymous> (node:internal/deps/undici/undici:6319:16)
	at Socket.emit (node:events:531:35)
	at TCP.<anonymous> (node:net:346:12)
2025-10-15 12:55:28.341 [error] TypeError: terminated
	at Fetch.onAborted (/Users/Shared/VSCode/Base/VSCode.app/Contents/Resources/app/node_modules/undici/lib/web/fetch/index.js:2042:49)
	at Fetch.emit (node:events:519:28)
	at Fetch.terminate (/Users/Shared/VSCode/Base/VSCode.app/Contents/Resources/app/node_modules/undici/lib/web/fetch/index.js:92:10)
	at Object.onError (/Users/Shared/VSCode/Base/VSCode.app/Contents/Resources/app/node_modules/undici/lib/web/fetch/index.js:2223:34)
	at Request.onError (node:internal/deps/undici/undici:2094:31)
	at Object.errorRequest (node:internal/deps/undici/undici:1591:17)
	at Socket.<anonymous> (node:internal/deps/undici/undici:6319:16)
	at Socket.emit (node:events:531:35)
	at TCP.<anonymous> (node:net:346:12)
2025-10-15 13:00:32.943 [error] TypeError: terminated
	at Fetch.onAborted (/Users/Shared/VSCode/Base/VSCode.app/Contents/Resources/app/node_modules/undici/lib/web/fetch/index.js:2042:49)
	at Fetch.emit (node:events:519:28)
	at Fetch.terminate (/Users/Shared/VSCode/Base/VSCode.app/Contents/Resources/app/node_modules/undici/lib/web/fetch/index.js:92:10)
	at Object.onError (/Users/Shared/VSCode/Base/VSCode.app/Contents/Resources/app/node_modules/undici/lib/web/fetch/index.js:2223:34)
	at Request.onError (node:internal/deps/undici/undici:2094:31)
	at Object.errorRequest (node:internal/deps/undici/undici:1591:17)
	at Socket.<anonymous> (node:internal/deps/undici/undici:6319:16)
	at Socket.emit (node:events:531:35)
	at TCP.<anonymous> (node:net:346:12)
2025-10-15 13:05:37.713 [error] TypeError: terminated
	at Fetch.onAborted (/Users/Shared/VSCode/Base/VSCode.app/Contents/Resources/app/node_modules/undici/lib/web/fetch/index.js:2042:49)
	at Fetch.emit (node:events:519:28)
	at Fetch.terminate (/Users/Shared/VSCode/Base/VSCode.app/Contents/Resources/app/node_modules/undici/lib/web/fetch/index.js:92:10)
	at Object.onError (/Users/Shared/VSCode/Base/VSCode.app/Contents/Resources/app/node_modules/undici/lib/web/fetch/index.js:2223:34)
	at Request.onError (node:internal/deps/undici/undici:2094:31)
	at Object.errorRequest (node:internal/deps/undici/undici:1591:17)
	at Socket.<anonymous> (node:internal/deps/undici/undici:6319:16)
	at Socket.emit (node:events:531:35)
	at TCP.<anonymous> (node:net:346:12)
2025-10-15 13:10:42.590 [error] TypeError: terminated
	at Fetch.onAborted (/Users/Shared/VSCode/Base/VSCode.app/Contents/Resources/app/node_modules/undici/lib/web/fetch/index.js:2042:49)
	at Fetch.emit (node:events:519:28)
	at Fetch.terminate (/Users/Shared/VSCode/Base/VSCode.app/Contents/Resources/app/node_modules/undici/lib/web/fetch/index.js:92:10)
	at Object.onError (/Users/Shared/VSCode/Base/VSCode.app/Contents/Resources/app/node_modules/undici/lib/web/fetch/index.js:2223:34)
	at Request.onError (node:internal/deps/undici/undici:2094:31)
	at Object.errorRequest (node:internal/deps/undici/undici:1591:17)
	at Socket.<anonymous> (node:internal/deps/undici/undici:6319:16)
	at Socket.emit (node:events:531:35)
	at TCP.<anonymous> (node:net:346:12)
2025-10-15 13:15:47.396 [error] TypeError: terminated
	at Fetch.onAborted (/Users/Shared/VSCode/Base/VSCode.app/Contents/Resources/app/node_modules/undici/lib/web/fetch/index.js:2042:49)
	at Fetch.emit (node:events:519:28)
	at Fetch.terminate (/Users/Shared/VSCode/Base/VSCode.app/Contents/Resources/app/node_modules/undici/lib/web/fetch/index.js:92:10)
	at Object.onError (/Users/Shared/VSCode/Base/VSCode.app/Contents/Resources/app/node_modules/undici/lib/web/fetch/index.js:2223:34)
	at Request.onError (node:internal/deps/undici/undici:2094:31)
	at Object.errorRequest (node:internal/deps/undici/undici:1591:17)
	at Socket.<anonymous> (node:internal/deps/undici/undici:6319:16)
	at Socket.emit (node:events:531:35)
	at TCP.<anonymous> (node:net:346:12)
2025-10-15 13:20:52.106 [error] TypeError: terminated
	at Fetch.onAborted (/Users/Shared/VSCode/Base/VSCode.app/Contents/Resources/app/node_modules/undici/lib/web/fetch/index.js:2042:49)
	at Fetch.emit (node:events:519:28)
	at Fetch.terminate (/Users/Shared/VSCode/Base/VSCode.app/Contents/Resources/app/node_modules/undici/lib/web/fetch/index.js:92:10)
	at Object.onError (/Users/Shared/VSCode/Base/VSCode.app/Contents/Resources/app/node_modules/undici/lib/web/fetch/index.js:2223:34)
	at Request.onError (node:internal/deps/undici/undici:2094:31)
	at Object.errorRequest (node:internal/deps/undici/undici:1591:17)
	at Socket.<anonymous> (node:internal/deps/undici/undici:6319:16)
	at Socket.emit (node:events:531:35)
	at TCP.<anonymous> (node:net:346:12)
2025-10-15 13:25:56.808 [error] TypeError: terminated
	at Fetch.onAborted (/Users/Shared/VSCode/Base/VSCode.app/Contents/Resources/app/node_modules/undici/lib/web/fetch/index.js:2042:49)
	at Fetch.emit (node:events:519:28)
	at Fetch.terminate (/Users/Shared/VSCode/Base/VSCode.app/Contents/Resources/app/node_modules/undici/lib/web/fetch/index.js:92:10)
	at Object.onError (/Users/Shared/VSCode/Base/VSCode.app/Contents/Resources/app/node_modules/undici/lib/web/fetch/index.js:2223:34)
	at Request.onError (node:internal/deps/undici/undici:2094:31)
	at Object.errorRequest (node:internal/deps/undici/undici:1591:17)
	at Socket.<anonymous> (node:internal/deps/undici/undici:6319:16)
	at Socket.emit (node:events:531:35)
	at TCP.<anonymous> (node:net:346:12)
2025-10-15 13:31:01.087 [error] TypeError: terminated
	at Fetch.onAborted (/Users/Shared/VSCode/Base/VSCode.app/Contents/Resources/app/node_modules/undici/lib/web/fetch/index.js:2042:49)
	at Fetch.emit (node:events:519:28)
	at Fetch.terminate (/Users/Shared/VSCode/Base/VSCode.app/Contents/Resources/app/node_modules/undici/lib/web/fetch/index.js:92:10)
	at Object.onError (/Users/Shared/VSCode/Base/VSCode.app/Contents/Resources/app/node_modules/undici/lib/web/fetch/index.js:2223:34)
	at Request.onError (node:internal/deps/undici/undici:2094:31)
	at Object.errorRequest (node:internal/deps/undici/undici:1591:17)
	at Socket.<anonymous> (node:internal/deps/undici/undici:6319:16)
	at Socket.emit (node:events:531:35)
	at TCP.<anonymous> (node:net:346:12)
