2025-10-15 11:55:08.666 [info] Started initializing default profile extensions in extensions installation folder. file:///Users/Ralph.Goestenmeier/temp/Enrichment_AI-App/.vscode.ext
2025-10-15 11:55:08.723 [info] Completed initializing default profile extensions in extensions installation folder. file:///Users/Ralph.Goestenmeier/temp/Enrichment_AI-App/.vscode.ext
2025-10-15 11:59:26.835 [info] Getting Manifest... ms-python.python
2025-10-15 11:59:26.948 [info] Installing extension: ms-python.python {"isMachineScoped":false,"profileLocation":{"$mid":1,"external":"vscode-userdata:/Users/Ralph.Goestenmeier/temp/Enrichment_AI-App/.vscode.usr/User/profiles/-49c87050/extensions.json","path":"/Users/Ralph.Goestenmeier/temp/Enrichment_AI-App/.vscode.usr/User/profiles/-49c87050/extensions.json","scheme":"vscode-userdata"},"isApplicationScoped":false,"productVersion":{"version":"1.105.0-insider","date":"2025-10-03T20:13:56.017Z"}}
2025-10-15 11:59:27.060 [info] Getting Manifest... ms-python.debugpy
2025-10-15 11:59:27.079 [info] Getting Manifest... ms-python.vscode-python-envs
2025-10-15 11:59:27.097 [info] Getting Manifest... ms-python.vscode-pylance
2025-10-15 11:59:27.116 [info] Installing extension: ms-python.debugpy {"isMachineScoped":false,"profileLocation":{"$mid":1,"external":"vscode-userdata:/Users/Ralph.Goestenmeier/temp/Enrichment_AI-App/.vscode.usr/User/profiles/-49c87050/extensions.json","path":"/Users/Ralph.Goestenmeier/temp/Enrichment_AI-App/.vscode.usr/User/profiles/-49c87050/extensions.json","scheme":"vscode-userdata"},"isApplicationScoped":false,"productVersion":{"version":"1.105.0-insider","date":"2025-10-03T20:13:56.017Z"},"pinned":false,"installGivenVersion":false,"context":{"dependecyOrPackExtensionInstall":true}}
2025-10-15 11:59:27.116 [info] Installing extension: ms-python.vscode-python-envs {"isMachineScoped":false,"profileLocation":{"$mid":1,"external":"vscode-userdata:/Users/Ralph.Goestenmeier/temp/Enrichment_AI-App/.vscode.usr/User/profiles/-49c87050/extensions.json","path":"/Users/Ralph.Goestenmeier/temp/Enrichment_AI-App/.vscode.usr/User/profiles/-49c87050/extensions.json","scheme":"vscode-userdata"},"isApplicationScoped":false,"productVersion":{"version":"1.105.0-insider","date":"2025-10-03T20:13:56.017Z"},"pinned":false,"installGivenVersion":false,"context":{"dependecyOrPackExtensionInstall":true}}
2025-10-15 11:59:27.116 [info] Installing extension: ms-python.vscode-pylance {"isMachineScoped":false,"profileLocation":{"$mid":1,"external":"vscode-userdata:/Users/Ralph.Goestenmeier/temp/Enrichment_AI-App/.vscode.usr/User/profiles/-49c87050/extensions.json","path":"/Users/Ralph.Goestenmeier/temp/Enrichment_AI-App/.vscode.usr/User/profiles/-49c87050/extensions.json","scheme":"vscode-userdata"},"isApplicationScoped":false,"productVersion":{"version":"1.105.0-insider","date":"2025-10-03T20:13:56.017Z"},"pinned":false,"installGivenVersion":false,"context":{"dependecyOrPackExtensionInstall":true}}
2025-10-15 11:59:28.820 [info] Extension signature verification result for ms-python.vscode-python-envs: Success. Internal Code: 0. Executed: true. Duration: 969ms.
2025-10-15 11:59:28.828 [info] Extension signature verification result for ms-python.debugpy: Success. Internal Code: 0. Executed: true. Duration: 1234ms.
2025-10-15 11:59:28.863 [info] Extension signature verification result for ms-python.python: Success. Internal Code: 0. Executed: true. Duration: 849ms.
2025-10-15 11:59:29.091 [info] Extracted extension to file:///Users/Ralph.Goestenmeier/temp/Enrichment_AI-App/.vscode.ext/ms-python.vscode-python-envs-1.10.0-darwin-x64: ms-python.vscode-python-envs
2025-10-15 11:59:29.109 [info] Renamed to /Users/Ralph.Goestenmeier/temp/Enrichment_AI-App/.vscode.ext/ms-python.vscode-python-envs-1.10.0-darwin-x64
2025-10-15 11:59:29.525 [info] Extracted extension to file:///Users/Ralph.Goestenmeier/temp/Enrichment_AI-App/.vscode.ext/ms-python.debugpy-2025.14.1-darwin-x64: ms-python.debugpy
2025-10-15 11:59:29.559 [info] Renamed to /Users/Ralph.Goestenmeier/temp/Enrichment_AI-App/.vscode.ext/ms-python.debugpy-2025.14.1-darwin-x64
2025-10-15 11:59:29.710 [info] Extension signature verification result for ms-python.vscode-pylance: Success. Internal Code: 0. Executed: true. Duration: 1079ms.
2025-10-15 11:59:31.066 [info] Extracted extension to file:///Users/Ralph.Goestenmeier/temp/Enrichment_AI-App/.vscode.ext/ms-python.python-2025.16.0-darwin-x64: ms-python.python
2025-10-15 11:59:31.153 [info] Renamed to /Users/Ralph.Goestenmeier/temp/Enrichment_AI-App/.vscode.ext/ms-python.python-2025.16.0-darwin-x64
2025-10-15 11:59:34.863 [info] Extracted extension to file:///Users/Ralph.Goestenmeier/temp/Enrichment_AI-App/.vscode.ext/ms-python.vscode-pylance-2025.8.3: ms-python.vscode-pylance
2025-10-15 11:59:35.103 [info] Renamed to /Users/Ralph.Goestenmeier/temp/Enrichment_AI-App/.vscode.ext/ms-python.vscode-pylance-2025.8.3
2025-10-15 11:59:35.133 [info] Extension installed successfully: ms-python.vscode-python-envs vscode-userdata:/Users/Ralph.Goestenmeier/temp/Enrichment_AI-App/.vscode.usr/User/profiles/-49c87050/extensions.json
2025-10-15 11:59:35.133 [info] Extension installed successfully: ms-python.debugpy vscode-userdata:/Users/Ralph.Goestenmeier/temp/Enrichment_AI-App/.vscode.usr/User/profiles/-49c87050/extensions.json
2025-10-15 11:59:35.133 [info] Extension installed successfully: ms-python.python vscode-userdata:/Users/Ralph.Goestenmeier/temp/Enrichment_AI-App/.vscode.usr/User/profiles/-49c87050/extensions.json
2025-10-15 11:59:35.133 [info] Extension installed successfully: ms-python.vscode-pylance vscode-userdata:/Users/Ralph.Goestenmeier/temp/Enrichment_AI-App/.vscode.usr/User/profiles/-49c87050/extensions.json
