2025-10-15 11:55:09.369 [info] Reading sessions from keychain...
2025-10-15 11:55:09.369 [info] Getting sessions for all scopes...
2025-10-15 11:55:09.524 [info] Got 0 sessions for ...
2025-10-15 11:55:09.524 [info] Getting sessions for all scopes...
2025-10-15 11:55:09.524 [info] Got 0 sessions for ...
2025-10-15 11:55:09.524 [info] Getting sessions for all scopes...
2025-10-15 11:55:09.524 [info] Got 0 sessions for ...
2025-10-15 11:55:09.524 [info] Getting sessions for all scopes...
2025-10-15 11:55:09.524 [info] Got 0 sessions for ...
2025-10-15 11:55:09.524 [info] Getting sessions for all scopes...
2025-10-15 11:55:09.524 [info] Got 0 sessions for ...
2025-10-15 11:55:09.524 [info] Getting sessions for all scopes...
2025-10-15 11:55:09.525 [info] Got 0 sessions for ...
2025-10-15 11:55:09.525 [info] Getting sessions for all scopes...
2025-10-15 11:55:09.525 [info] Got 0 sessions for ...
2025-10-15 11:55:09.525 [info] Getting sessions for all scopes...
2025-10-15 11:55:09.525 [info] Got 0 sessions for ...
2025-10-15 11:55:09.578 [info] Getting sessions for all scopes...
2025-10-15 11:55:09.578 [info] Got 0 sessions for ...
2025-10-15 11:55:09.578 [info] Getting sessions for all scopes...
2025-10-15 11:55:09.578 [info] Got 0 sessions for ...
2025-10-15 11:55:09.579 [info] Getting sessions for all scopes...
2025-10-15 11:55:09.579 [info] Got 0 sessions for ...
2025-10-15 11:55:09.579 [info] Getting sessions for all scopes...
2025-10-15 11:55:09.579 [info] Got 0 sessions for ...
2025-10-15 11:55:09.579 [info] Getting sessions for all scopes...
2025-10-15 11:55:09.579 [info] Got 0 sessions for ...
2025-10-15 11:55:09.579 [info] Getting sessions for all scopes...
2025-10-15 11:55:09.579 [info] Got 0 sessions for ...
2025-10-15 11:55:09.661 [info] Getting sessions for all scopes...
2025-10-15 11:55:09.661 [info] Got 0 sessions for ...
2025-10-15 11:55:10.684 [info] Getting sessions for all scopes...
2025-10-15 11:55:10.684 [info] Got 0 sessions for ...
2025-10-15 11:55:10.685 [info] Getting sessions for all scopes...
2025-10-15 11:55:10.685 [info] Got 0 sessions for ...
2025-10-15 11:55:10.693 [info] Getting sessions for all scopes...
2025-10-15 11:55:10.693 [info] Got 0 sessions for ...
2025-10-15 11:55:18.816 [info] Getting sessions for read:user,repo,user:email,workflow...
2025-10-15 11:55:18.816 [info] Got 0 sessions for read:user,repo,user:email,workflow...
2025-10-15 11:59:35.254 [info] Getting sessions for all scopes...
2025-10-15 11:59:35.254 [info] Got 0 sessions for ...
2025-10-15 11:59:39.158 [info] Getting sessions for all scopes...
2025-10-15 11:59:39.158 [info] Got 0 sessions for ...
