2025-10-14 09:23:05.277 [info] Experiment 'pythonSurveyNotification' is active
2025-10-14 09:23:05.991 [info] Native locator: Refresh started
2025-10-14 09:23:06.015 [info] > pyenv which python
2025-10-14 09:23:06.016 [info] cwd: .
2025-10-14 09:23:07.593 [info] Active interpreter [/Users/Shared/CLOUD/Programmier-Workshops/Kurse/Enrichment/AI/Enrichment_AI-App]:  /Users/Shared/CLOUD/Programmier-Workshops/Kurse/Enrichment/AI/Enrichment_AI-App/.venv/python/bin/python
2025-10-14 09:23:07.950 [info] Native locator: Refresh finished in 1957 ms
2025-10-14 09:23:10.322 [info] Starting Pylance language server.
2025-10-14 09:23:39.683 [info] Discover tests for workspace name: Enrichment_AI-App - uri: /Users/Shared/CLOUD/Programmier-Workshops/Kurse/Enrichment/AI/Enrichment_AI-App/App.py
2025-10-14 09:24:05.573 [info] Discover tests for workspace name: Enrichment_AI-App - uri: /Users/Shared/CLOUD/Programmier-Workshops/Kurse/Enrichment/AI/Enrichment_AI-App/App.py
2025-10-14 09:24:27.173 [info] Discover tests for workspace name: undefined - uri: /Users/Shared/CLOUD/Programmier-Workshops/Kurse/Enrichment/AI/Enrichment_AI-App/.vscode.usr/User/profiles/5e4fb82e/settings.json
2025-10-14 09:24:27.946 [info] Discover tests for workspace name: Enrichment_AI-App - uri: /Users/Shared/CLOUD/Programmier-Workshops/Kurse/Enrichment/AI/Enrichment_AI-App/App.py
2025-10-14 09:24:28.257 [info] Discover tests for workspace name: undefined - uri: /Users/Shared/CLOUD/Programmier-Workshops/Kurse/Enrichment/AI/Enrichment_AI-App/.vscode.usr/User/profiles/5e4fb82e/settings.json
2025-10-14 09:24:46.841 [info] Discover tests for workspace name: Enrichment_AI-App - uri: /Users/Shared/CLOUD/Programmier-Workshops/Kurse/Enrichment/AI/Enrichment_AI-App/App.py
2025-10-14 09:25:00.313 [info] Discover tests for workspace name: Enrichment_AI-App - uri: /Users/Shared/CLOUD/Programmier-Workshops/Kurse/Enrichment/AI/Enrichment_AI-App/App.py
2025-10-14 09:30:13.031 [info] Discover tests for workspace name: Enrichment_AI-App - uri: /Users/Shared/CLOUD/Programmier-Workshops/Kurse/Enrichment/AI/Enrichment_AI-App/App.py
2025-10-14 09:35:57.674 [info] Discover tests for workspace name: Enrichment_AI-App - uri: /Users/Shared/CLOUD/Programmier-Workshops/Kurse/Enrichment/AI/Enrichment_AI-App/App.py
2025-10-14 09:37:48.780 [info] Discover tests for workspace name: Enrichment_AI-App - uri: /Users/Shared/CLOUD/Programmier-Workshops/Kurse/Enrichment/AI/Enrichment_AI-App/App.py
2025-10-14 09:41:39.590 [info] Discover tests for workspace name: Enrichment_AI-App - uri: /Users/Shared/CLOUD/Programmier-Workshops/Kurse/Enrichment/AI/Enrichment_AI-App
2025-10-14 09:41:54.216 [info] Discover tests for workspace name: Enrichment_AI-App - uri: /Users/Shared/CLOUD/Programmier-Workshops/Kurse/Enrichment/AI/Enrichment_AI-App/App.py
2025-10-14 09:41:55.435 [info] Send text to terminal: source /Users/Shared/CLOUD/Programmier-Workshops/Kurse/Enrichment/AI/Enrichment_AI-App/.venv/python/bin/activate
2025-10-14 09:41:56.910 [info] Discover tests for workspace name: undefined - uri: /Users/Shared/CLOUD/Programmier-Workshops/Kurse/Enrichment/AI/Enrichment_AI-App/.vscode.usr/User/profiles/5e4fb82e/settings.json
2025-10-14 09:44:06.024 [info] Discover tests for workspace name: Enrichment_AI-App - uri: /Users/Shared/CLOUD/Programmier-Workshops/Kurse/Enrichment/AI/Enrichment_AI-App/views/chat_and_content/11_Chat_Sand_Box.py
2025-10-14 09:44:25.368 [info] Discover tests for workspace name: Enrichment_AI-App - uri: /Users/Shared/CLOUD/Programmier-Workshops/Kurse/Enrichment/AI/Enrichment_AI-App/App.py
2025-10-14 09:45:31.130 [info] Discover tests for workspace name: Enrichment_AI-App - uri: /Users/Shared/CLOUD/Programmier-Workshops/Kurse/Enrichment/AI/Enrichment_AI-App/views/chat_and_content/21_Blog_Generator_Lite.py
2025-10-14 09:45:45.817 [info] Discover tests for workspace name: Enrichment_AI-App - uri: /Users/Shared/CLOUD/Programmier-Workshops/Kurse/Enrichment/AI/Enrichment_AI-App/views/chat_and_content/21_Blog_Generator_Lite.py
2025-10-14 09:48:23.951 [info] Discover tests for workspace name: Enrichment_AI-App - uri: /Users/Shared/CLOUD/Programmier-Workshops/Kurse/Enrichment/AI/Enrichment_AI-App
2025-10-14 09:48:31.959 [info] Discover tests for workspace name: Enrichment_AI-App - uri: /Users/Shared/CLOUD/Programmier-Workshops/Kurse/Enrichment/AI/Enrichment_AI-App
2025-10-14 09:52:34.547 [info] Discover tests for workspace name: Enrichment_AI-App - uri: /Users/Shared/CLOUD/Programmier-Workshops/Kurse/Enrichment/AI/Enrichment_AI-App
2025-10-14 09:53:55.986 [info] Discover tests for workspace name: Enrichment_AI-App - uri: /Users/Shared/CLOUD/Programmier-Workshops/Kurse/Enrichment/AI/Enrichment_AI-App/App.py
2025-10-14 09:55:18.488 [info] Discover tests for workspace name: Enrichment_AI-App - uri: /Users/Shared/CLOUD/Programmier-Workshops/Kurse/Enrichment/AI/Enrichment_AI-App
2025-10-14 09:55:23.924 [info] Discover tests for workspace name: Enrichment_AI-App - uri: /Users/Shared/CLOUD/Programmier-Workshops/Kurse/Enrichment/AI/Enrichment_AI-App
2025-10-14 10:09:15.461 [info] Discover tests for workspace name: Enrichment_AI-App - uri: /Users/Shared/CLOUD/Programmier-Workshops/Kurse/Enrichment/AI/Enrichment_AI-App
2025-10-14 10:09:24.209 [info] Discover tests for workspace name: Enrichment_AI-App - uri: /Users/Shared/CLOUD/Programmier-Workshops/Kurse/Enrichment/AI/Enrichment_AI-App
2025-10-14 10:09:32.258 [info] Discover tests for workspace name: Enrichment_AI-App - uri: /Users/Shared/CLOUD/Programmier-Workshops/Kurse/Enrichment/AI/Enrichment_AI-App
2025-10-14 10:09:38.561 [info] Discover tests for workspace name: Enrichment_AI-App - uri: /Users/Shared/CLOUD/Programmier-Workshops/Kurse/Enrichment/AI/Enrichment_AI-App
2025-10-14 10:16:48.374 [info] Discover tests for workspace name: Enrichment_AI-App - uri: /Users/Shared/CLOUD/Programmier-Workshops/Kurse/Enrichment/AI/Enrichment_AI-App/App.py
2025-10-14 10:17:09.366 [info] Discover tests for workspace name: Enrichment_AI-App - uri: /Users/Shared/CLOUD/Programmier-Workshops/Kurse/Enrichment/AI/Enrichment_AI-App/App.py
2025-10-14 10:19:18.987 [info] Discover tests for workspace name: undefined - uri: /Users/Shared/CLOUD/Programmier-Workshops/Kurse/Enrichment/AI/Enrichment_AI-App/.vscode.usr/User/profiles/5e4fb82e/settings.json
2025-10-14 10:19:19.733 [info] Discover tests for workspace name: Enrichment_AI-App - uri: /Users/Shared/CLOUD/Programmier-Workshops/Kurse/Enrichment/AI/Enrichment_AI-App
2025-10-14 10:19:23.505 [info] Discover tests for workspace name: Enrichment_AI-App - uri: /Users/Shared/CLOUD/Programmier-Workshops/Kurse/Enrichment/AI/Enrichment_AI-App
2025-10-14 10:21:35.614 [info] Discover tests for workspace name: Enrichment_AI-App - uri: /Users/Shared/CLOUD/Programmier-Workshops/Kurse/Enrichment/AI/Enrichment_AI-App/views/new_use_cases/58_Education_Tutor.py
2025-10-14 10:22:51.620 [info] Discover tests for workspace name: Enrichment_AI-App - uri: /Users/Shared/CLOUD/Programmier-Workshops/Kurse/Enrichment/AI/Enrichment_AI-App/App.py
2025-10-14 10:31:10.613 [info] Discover tests for workspace name: Enrichment_AI-App - uri: /Users/Shared/CLOUD/Programmier-Workshops/Kurse/Enrichment/AI/Enrichment_AI-App/views/new_use_cases/58_Education_Tutor.py
2025-10-14 10:32:47.535 [info] Discover tests for workspace name: Enrichment_AI-App - uri: /Users/Shared/CLOUD/Programmier-Workshops/Kurse/Enrichment/AI/Enrichment_AI-App/App.py
2025-10-14 10:35:04.439 [info] Discover tests for workspace name: Enrichment_AI-App - uri: /Users/Shared/CLOUD/Programmier-Workshops/Kurse/Enrichment/AI/Enrichment_AI-App/views/new_use_cases/58_Education_Tutor.py
2025-10-14 10:35:38.836 [info] Discover tests for workspace name: Enrichment_AI-App - uri: /Users/Shared/CLOUD/Programmier-Workshops/Kurse/Enrichment/AI/Enrichment_AI-App/views/new_use_cases/58_Education_Tutor.py
2025-10-14 10:35:59.397 [info] Discover tests for workspace name: Enrichment_AI-App - uri: /Users/Shared/CLOUD/Programmier-Workshops/Kurse/Enrichment/AI/Enrichment_AI-App/App.py
2025-10-14 10:38:00.594 [info] Discover tests for workspace name: Enrichment_AI-App - uri: /Users/Shared/CLOUD/Programmier-Workshops/Kurse/Enrichment/AI/Enrichment_AI-App/views/new_use_cases/58_Education_Tutor_2.py
2025-10-14 10:39:59.626 [info] Discover tests for workspace name: Enrichment_AI-App - uri: /Users/Shared/CLOUD/Programmier-Workshops/Kurse/Enrichment/AI/Enrichment_AI-App/App.py
2025-10-14 10:40:37.563 [info] Discover tests for workspace name: Enrichment_AI-App - uri: /Users/Shared/CLOUD/Programmier-Workshops/Kurse/Enrichment/AI/Enrichment_AI-App/views/new_use_cases/58_Education_Tutor_2.py
